Flow report for Carrier_Generator
Wed May 12 22:58:54 2021
Quartus II 64-Bit Version 13.0.1 Build 232 06/12/2013 Service Pack 1 SJ Full Version


---------------------
; Table of Contents ;
---------------------
  1. Legal Notice
  2. Flow Summary
  3. Flow Settings
  4. Flow Non-Default Global Settings
  5. Flow Elapsed Time
  6. Flow OS Summary
  7. Flow Log
  8. Flow Messages
  9. Flow Suppressed Messages



----------------
; Legal Notice ;
----------------
Copyright (C) 1991-2013 Altera Corporation
Your use of Altera Corporation's design tools, logic functions 
and other software and tools, and its AMPP partner logic 
functions, and any output files from any of the foregoing 
(including device programming or simulation files), and any 
associated documentation or information are expressly subject 
to the terms and conditions of the Altera Program License 
Subscription Agreement, Altera MegaCore Function License 
Agreement, or other applicable license agreement, including, 
without limitation, that your use is for the sole purpose of 
programming logic devices manufactured by Altera and sold by 
Altera or its authorized distributors.  Please refer to the 
applicable agreement for further details.



+---------------------------------------------------------------------------------------+
; Flow Summary                                                                          ;
+------------------------------------+--------------------------------------------------+
; Flow Status                        ; Successful - Wed May 12 22:58:54 2021            ;
; Quartus II 64-Bit Version          ; 13.0.1 Build 232 06/12/2013 SP 1 SJ Full Version ;
; Revision Name                      ; Carrier_Generator                                ;
; Top-level Entity Name              ; Carrier_Generator                                ;
; Family                             ; Cyclone IV E                                     ;
; Device                             ; EP4CE115F29C7                                    ;
; Timing Models                      ; Final                                            ;
; Total logic elements               ; 22 / 114,480 ( < 1 % )                           ;
;     Total combinational functions  ; 22 / 114,480 ( < 1 % )                           ;
;     Dedicated logic registers      ; 5 / 114,480 ( < 1 % )                            ;
; Total registers                    ; 5                                                ;
; Total pins                         ; 13 / 529 ( 2 % )                                 ;
; Total virtual pins                 ; 0                                                ;
; Total memory bits                  ; 0 / 3,981,312 ( 0 % )                            ;
; Embedded Multiplier 9-bit elements ; 0 / 532 ( 0 % )                                  ;
; Total PLLs                         ; 0 / 4 ( 0 % )                                    ;
+------------------------------------+--------------------------------------------------+


+-----------------------------------------+
; Flow Settings                           ;
+-------------------+---------------------+
; Option            ; Setting             ;
+-------------------+---------------------+
; Start date & time ; 05/12/2021 22:58:32 ;
; Main task         ; Compilation         ;
; Revision Name     ; Carrier_Generator   ;
+-------------------+---------------------+


+-------------------------------------------------------------------------------------------------------------------------------------+
; Flow Non-Default Global Settings                                                                                                    ;
+--------------------------------------+---------------------------------------+---------------+-------------+------------------------+
; Assignment Name                      ; Value                                 ; Default Value ; Entity Name ; Section Id             ;
+--------------------------------------+---------------------------------------+---------------+-------------+------------------------+
; COMPILER_SIGNATURE_ID                ; 9190538486352.162083151203824         ; --            ; --          ; --                     ;
; EDA_DESIGN_INSTANCE_NAME             ; NA                                    ; --            ; --          ; Carrier_Generator_test ;
; EDA_GENERATE_FUNCTIONAL_NETLIST      ; On                                    ; --            ; --          ; eda_simulation         ;
; EDA_NATIVELINK_SIMULATION_TEST_BENCH ; Carrier_Generator_test                ; --            ; --          ; eda_simulation         ;
; EDA_OUTPUT_DATA_FORMAT               ; Verilog Hdl                           ; --            ; --          ; eda_simulation         ;
; EDA_SIMULATION_TOOL                  ; ModelSim (Verilog)                    ; <None>        ; --          ; --                     ;
; EDA_TEST_BENCH_ENABLE_STATUS         ; TEST_BENCH_MODE                       ; --            ; --          ; eda_simulation         ;
; EDA_TEST_BENCH_FILE                  ; Carrier_Generator_test.v              ; --            ; --          ; Carrier_Generator_test ;
; EDA_TEST_BENCH_MODULE_NAME           ; Carrier_Generator_test                ; --            ; --          ; Carrier_Generator_test ;
; EDA_TEST_BENCH_NAME                  ; Carrier_Generator_test                ; --            ; --          ; eda_simulation         ;
; EDA_TIME_SCALE                       ; 1 ps                                  ; --            ; --          ; eda_simulation         ;
; MAX_CORE_JUNCTION_TEMP               ; 85                                    ; --            ; --          ; --                     ;
; MIN_CORE_JUNCTION_TEMP               ; 0                                     ; --            ; --          ; --                     ;
; OUTPUT_IO_TIMING_FAR_END_VMEAS       ; Half Signal Swing                     ; --            ; --          ; --                     ;
; OUTPUT_IO_TIMING_FAR_END_VMEAS       ; Half Signal Swing                     ; --            ; --          ; --                     ;
; OUTPUT_IO_TIMING_NEAR_END_VMEAS      ; Half Vccio                            ; --            ; --          ; --                     ;
; OUTPUT_IO_TIMING_NEAR_END_VMEAS      ; Half Vccio                            ; --            ; --          ; --                     ;
; PARTITION_COLOR                      ; 16764057                              ; --            ; --          ; Top                    ;
; PARTITION_FITTER_PRESERVATION_LEVEL  ; PLACEMENT_AND_ROUTING                 ; --            ; --          ; Top                    ;
; PARTITION_NETLIST_TYPE               ; SOURCE                                ; --            ; --          ; Top                    ;
; POWER_BOARD_THERMAL_MODEL            ; None (CONSERVATIVE)                   ; --            ; --          ; --                     ;
; POWER_PRESET_COOLING_SOLUTION        ; 23 MM HEAT SINK WITH 200 LFPM AIRFLOW ; --            ; --          ; --                     ;
; PROJECT_OUTPUT_DIRECTORY             ; output_files                          ; --            ; --          ; --                     ;
+--------------------------------------+---------------------------------------+---------------+-------------+------------------------+


+-------------------------------------------------------------------------------------------------------------------------------+
; Flow Elapsed Time                                                                                                             ;
+---------------------------+--------------+-------------------------+---------------------+------------------------------------+
; Module Name               ; Elapsed Time ; Average Processors Used ; Peak Virtual Memory ; Total CPU Time (on all processors) ;
+---------------------------+--------------+-------------------------+---------------------+------------------------------------+
; Analysis & Synthesis      ; 00:00:01     ; 1.0                     ; 4624 MB             ; 00:00:01                           ;
; Fitter                    ; 00:00:10     ; 2.2                     ; 5991 MB             ; 00:00:20                           ;
; Assembler                 ; 00:00:04     ; 1.0                     ; 4562 MB             ; 00:00:04                           ;
; TimeQuest Timing Analyzer ; 00:00:02     ; 1.0                     ; 4746 MB             ; 00:00:02                           ;
; EDA Netlist Writer        ; 00:00:01     ; 1.0                     ; 4526 MB             ; 00:00:00                           ;
; Total                     ; 00:00:18     ; --                      ; --                  ; 00:00:27                           ;
+---------------------------+--------------+-------------------------+---------------------+------------------------------------+


+----------------------------------------------------------------------------------------+
; Flow OS Summary                                                                        ;
+---------------------------+------------------+-----------+------------+----------------+
; Module Name               ; Machine Hostname ; OS Name   ; OS Version ; Processor type ;
+---------------------------+------------------+-----------+------------+----------------+
; Analysis & Synthesis      ; LAPTOP-26LMV529  ; Windows 7 ; 6.2        ; x86_64         ;
; Fitter                    ; LAPTOP-26LMV529  ; Windows 7 ; 6.2        ; x86_64         ;
; Assembler                 ; LAPTOP-26LMV529  ; Windows 7 ; 6.2        ; x86_64         ;
; TimeQuest Timing Analyzer ; LAPTOP-26LMV529  ; Windows 7 ; 6.2        ; x86_64         ;
; EDA Netlist Writer        ; LAPTOP-26LMV529  ; Windows 7 ; 6.2        ; x86_64         ;
+---------------------------+------------------+-----------+------------+----------------+


------------
; Flow Log ;
------------
quartus_map --read_settings_files=on --write_settings_files=off Carrier_Generator -c Carrier_Generator
quartus_fit --read_settings_files=off --write_settings_files=off Carrier_Generator -c Carrier_Generator
quartus_asm --read_settings_files=off --write_settings_files=off Carrier_Generator -c Carrier_Generator
quartus_sta Carrier_Generator -c Carrier_Generator
quartus_eda --read_settings_files=off --write_settings_files=off Carrier_Generator -c Carrier_Generator



