Flow report for logic
Wed Mar 24 17:45:49 2021
Quartus II 64-Bit Version 13.0.1 Build 232 06/12/2013 Service Pack 1 SJ Full Version


---------------------
; Table of Contents ;
---------------------
  1. Legal Notice
  2. Flow Summary
  3. Flow Settings
  4. Flow Non-Default Global Settings
  5. Flow Elapsed Time
  6. Flow OS Summary
  7. Flow Log
  8. Flow Messages
  9. Flow Suppressed Messages



----------------
; Legal Notice ;
----------------
Copyright (C) 1991-2013 Altera Corporation
Your use of Altera Corporation's design tools, logic functions 
and other software and tools, and its AMPP partner logic 
functions, and any output files from any of the foregoing 
(including device programming or simulation files), and any 
associated documentation or information are expressly subject 
to the terms and conditions of the Altera Program License 
Subscription Agreement, Altera MegaCore Function License 
Agreement, or other applicable license agreement, including, 
without limitation, that your use is for the sole purpose of 
programming logic devices manufactured by Altera and sold by 
Altera or its authorized distributors.  Please refer to the 
applicable agreement for further details.



+---------------------------------------------------------------------------------------+
; Flow Summary                                                                          ;
+------------------------------------+--------------------------------------------------+
; Flow Status                        ; Successful - Wed Mar 24 17:45:49 2021            ;
; Quartus II 64-Bit Version          ; 13.0.1 Build 232 06/12/2013 SP 1 SJ Full Version ;
; Revision Name                      ; logic                                            ;
; Top-level Entity Name              ; logic                                            ;
; Family                             ; Cyclone IV E                                     ;
; Device                             ; EP4CE115F29C7                                    ;
; Timing Models                      ; Final                                            ;
; Total logic elements               ; 3 / 114,480 ( < 1 % )                            ;
;     Total combinational functions  ; 3 / 114,480 ( < 1 % )                            ;
;     Dedicated logic registers      ; 0 / 114,480 ( 0 % )                              ;
; Total registers                    ; 0                                                ;
; Total pins                         ; 6 / 529 ( 1 % )                                  ;
; Total virtual pins                 ; 0                                                ;
; Total memory bits                  ; 0 / 3,981,312 ( 0 % )                            ;
; Embedded Multiplier 9-bit elements ; 0 / 532 ( 0 % )                                  ;
; Total PLLs                         ; 0 / 4 ( 0 % )                                    ;
+------------------------------------+--------------------------------------------------+


+-----------------------------------------+
; Flow Settings                           ;
+-------------------+---------------------+
; Option            ; Setting             ;
+-------------------+---------------------+
; Start date & time ; 03/24/2021 17:45:19 ;
; Main task         ; Compilation         ;
; Revision Name     ; logic               ;
+-------------------+---------------------+


+-------------------------------------------------------------------------------------------------------------------------------------+
; Flow Non-Default Global Settings                                                                                                    ;
+--------------------------------------+-----------------------------------------------+---------------+-------------+----------------+
; Assignment Name                      ; Value                                         ; Default Value ; Entity Name ; Section Id     ;
+--------------------------------------+-----------------------------------------------+---------------+-------------+----------------+
; COMPILER_SIGNATURE_ID                ; 9190538486352.161657911806356                 ; --            ; --          ; --             ;
; EDA_DESIGN_INSTANCE_NAME             ; NA                                            ; --            ; --          ; logic_test     ;
; EDA_NATIVELINK_SIMULATION_TEST_BENCH ; logic_test                                    ; --            ; --          ; eda_simulation ;
; EDA_OUTPUT_DATA_FORMAT               ; Verilog Hdl                                   ; --            ; --          ; eda_simulation ;
; EDA_SIMULATION_TOOL                  ; ModelSim (Verilog)                            ; <None>        ; --          ; --             ;
; EDA_TEST_BENCH_ENABLE_STATUS         ; NOT_USED                                      ; --            ; --          ; eda_simulation ;
; EDA_TEST_BENCH_FILE                  ; C:/Users/Dia o/Desktop/TestBench/logic_test.v ; --            ; --          ; logic_test     ;
; EDA_TEST_BENCH_MODULE_NAME           ; logic_test                                    ; --            ; --          ; logic_test     ;
; EDA_TEST_BENCH_NAME                  ; logic_test                                    ; --            ; --          ; eda_simulation ;
; EDA_TIME_SCALE                       ; 1 ps                                          ; --            ; --          ; eda_simulation ;
; MAX_CORE_JUNCTION_TEMP               ; 85                                            ; --            ; --          ; --             ;
; MIN_CORE_JUNCTION_TEMP               ; 0                                             ; --            ; --          ; --             ;
; PARTITION_COLOR                      ; 16764057                                      ; --            ; --          ; Top            ;
; PARTITION_FITTER_PRESERVATION_LEVEL  ; PLACEMENT_AND_ROUTING                         ; --            ; --          ; Top            ;
; PARTITION_NETLIST_TYPE               ; SOURCE                                        ; --            ; --          ; Top            ;
; POWER_BOARD_THERMAL_MODEL            ; None (CONSERVATIVE)                           ; --            ; --          ; --             ;
; POWER_PRESET_COOLING_SOLUTION        ; 23 MM HEAT SINK WITH 200 LFPM AIRFLOW         ; --            ; --          ; --             ;
; PROJECT_OUTPUT_DIRECTORY             ; output_files                                  ; --            ; --          ; --             ;
+--------------------------------------+-----------------------------------------------+---------------+-------------+----------------+


+-------------------------------------------------------------------------------------------------------------------------------+
; Flow Elapsed Time                                                                                                             ;
+---------------------------+--------------+-------------------------+---------------------+------------------------------------+
; Module Name               ; Elapsed Time ; Average Processors Used ; Peak Virtual Memory ; Total CPU Time (on all processors) ;
+---------------------------+--------------+-------------------------+---------------------+------------------------------------+
; Analysis & Synthesis      ; 00:00:03     ; 1.0                     ; 4625 MB             ; 00:00:02                           ;
; Fitter                    ; 00:00:14     ; 2.7                     ; 5956 MB             ; 00:00:26                           ;
; Assembler                 ; 00:00:06     ; 1.0                     ; 4562 MB             ; 00:00:06                           ;
; TimeQuest Timing Analyzer ; 00:00:04     ; 1.0                     ; 4740 MB             ; 00:00:04                           ;
; EDA Netlist Writer        ; 00:00:01     ; 1.0                     ; 4531 MB             ; 00:00:01                           ;
; Total                     ; 00:00:28     ; --                      ; --                  ; 00:00:39                           ;
+---------------------------+--------------+-------------------------+---------------------+------------------------------------+


+----------------------------------------------------------------------------------------+
; Flow OS Summary                                                                        ;
+---------------------------+------------------+-----------+------------+----------------+
; Module Name               ; Machine Hostname ; OS Name   ; OS Version ; Processor type ;
+---------------------------+------------------+-----------+------------+----------------+
; Analysis & Synthesis      ; LAPTOP-26LMV529  ; Windows 7 ; 6.2        ; x86_64         ;
; Fitter                    ; LAPTOP-26LMV529  ; Windows 7 ; 6.2        ; x86_64         ;
; Assembler                 ; LAPTOP-26LMV529  ; Windows 7 ; 6.2        ; x86_64         ;
; TimeQuest Timing Analyzer ; LAPTOP-26LMV529  ; Windows 7 ; 6.2        ; x86_64         ;
; EDA Netlist Writer        ; LAPTOP-26LMV529  ; Windows 7 ; 6.2        ; x86_64         ;
+---------------------------+------------------+-----------+------------+----------------+


------------
; Flow Log ;
------------
quartus_map --read_settings_files=on --write_settings_files=off logic -c logic
quartus_fit --read_settings_files=off --write_settings_files=off logic -c logic
quartus_asm --read_settings_files=off --write_settings_files=off logic -c logic
quartus_sta logic -c logic
quartus_eda --read_settings_files=off --write_settings_files=off logic -c logic



