Flow report for HDB3_encoder
Thu Apr 29 15:27:59 2021
Quartus Prime Version 18.1.0 Build 625 09/12/2018 SJ Lite Edition


---------------------
; Table of Contents ;
---------------------
  1. Legal Notice
  2. Flow Summary
  3. Flow Settings
  4. Flow Non-Default Global Settings
  5. Flow Elapsed Time
  6. Flow OS Summary
  7. Flow Log
  8. Flow Messages
  9. Flow Suppressed Messages



----------------
; Legal Notice ;
----------------
Copyright (C) 2018  Intel Corporation. All rights reserved.
Your use of Intel Corporation's design tools, logic functions 
and other software and tools, and its AMPP partner logic 
functions, and any output files from any of the foregoing 
(including device programming or simulation files), and any 
associated documentation or information are expressly subject 
to the terms and conditions of the Intel Program License 
Subscription Agreement, the Intel Quartus Prime License Agreement,
the Intel FPGA IP License Agreement, or other applicable license
agreement, including, without limitation, that your use is for
the sole purpose of programming logic devices manufactured by
Intel and sold by Intel or its authorized distributors.  Please
refer to the applicable agreement for further details.



+----------------------------------------------------------------------------------+
; Flow Summary                                                                     ;
+------------------------------------+---------------------------------------------+
; Flow Status                        ; Successful - Thu Apr 29 15:27:59 2021       ;
; Quartus Prime Version              ; 18.1.0 Build 625 09/12/2018 SJ Lite Edition ;
; Revision Name                      ; HDB3_encoder                                ;
; Top-level Entity Name              ; HDB3_encoder                                ;
; Family                             ; Cyclone IV E                                ;
; Device                             ; EP4CE115F29C7                               ;
; Timing Models                      ; Final                                       ;
; Total logic elements               ; 579 / 114,480 ( < 1 % )                     ;
;     Total combinational functions  ; 439 / 114,480 ( < 1 % )                     ;
;     Dedicated logic registers      ; 421 / 114,480 ( < 1 % )                     ;
; Total registers                    ; 421                                         ;
; Total pins                         ; 10 / 529 ( 2 % )                            ;
; Total virtual pins                 ; 0                                           ;
; Total memory bits                  ; 640 / 3,981,312 ( < 1 % )                   ;
; Embedded Multiplier 9-bit elements ; 0 / 532 ( 0 % )                             ;
; Total PLLs                         ; 0 / 4 ( 0 % )                               ;
+------------------------------------+---------------------------------------------+


+-----------------------------------------+
; Flow Settings                           ;
+-------------------+---------------------+
; Option            ; Setting             ;
+-------------------+---------------------+
; Start date & time ; 04/29/2021 15:26:41 ;
; Main task         ; Compilation         ;
; Revision Name     ; HDB3_encoder        ;
+-------------------+---------------------+


+------------------------------------------------------------------------------------------------------------------------------------------------------------------------+
; Flow Non-Default Global Settings                                                                                                                                       ;
+--------------------------------------+-------------------------------------------------------------------------------+---------------+-------------+-------------------+
; Assignment Name                      ; Value                                                                         ; Default Value ; Entity Name ; Section Id        ;
+--------------------------------------+-------------------------------------------------------------------------------+---------------+-------------+-------------------+
; COMPILER_SIGNATURE_ID                ; 103357253731449.161968120005880                                               ; --            ; --          ; --                ;
; EDA_DESIGN_INSTANCE_NAME             ; NA                                                                            ; --            ; --          ; HDB3_encoder_test ;
; EDA_NATIVELINK_SIMULATION_TEST_BENCH ; HDB3_encoder_test                                                             ; --            ; --          ; eda_simulation    ;
; EDA_OUTPUT_DATA_FORMAT               ; Verilog Hdl                                                                   ; --            ; --          ; eda_simulation    ;
; EDA_SIMULATION_TOOL                  ; ModelSim (Verilog)                                                            ; <None>        ; --          ; --                ;
; EDA_TEST_BENCH_ENABLE_STATUS         ; TEST_BENCH_MODE                                                               ; --            ; --          ; eda_simulation    ;
; EDA_TEST_BENCH_FILE                  ; HDB3_encoder_test.v                                                           ; --            ; --          ; HDB3_encoder_test ;
; EDA_TEST_BENCH_MODULE_NAME           ; HDB3_encoder_test                                                             ; --            ; --          ; HDB3_encoder_test ;
; EDA_TEST_BENCH_NAME                  ; HDB3_encoder_test                                                             ; --            ; --          ; eda_simulation    ;
; EDA_TIME_SCALE                       ; 1 ps                                                                          ; --            ; --          ; eda_simulation    ;
; ENABLE_LOGIC_ANALYZER_INTERFACE      ; Off                                                                           ; --            ; --          ; --                ;
; ENABLE_SIGNALTAP                     ; On                                                                            ; --            ; --          ; --                ;
; MAX_CORE_JUNCTION_TEMP               ; 85                                                                            ; --            ; --          ; --                ;
; MIN_CORE_JUNCTION_TEMP               ; 0                                                                             ; --            ; --          ; --                ;
; OUTPUT_IO_TIMING_FAR_END_VMEAS       ; Half Signal Swing                                                             ; --            ; --          ; --                ;
; OUTPUT_IO_TIMING_FAR_END_VMEAS       ; Half Signal Swing                                                             ; --            ; --          ; --                ;
; OUTPUT_IO_TIMING_NEAR_END_VMEAS      ; Half Vccio                                                                    ; --            ; --          ; --                ;
; OUTPUT_IO_TIMING_NEAR_END_VMEAS      ; Half Vccio                                                                    ; --            ; --          ; --                ;
; PARTITION_COLOR                      ; -- (Not supported for targeted family)                                        ; --            ; --          ; Top               ;
; PARTITION_FITTER_PRESERVATION_LEVEL  ; -- (Not supported for targeted family)                                        ; --            ; --          ; Top               ;
; PARTITION_NETLIST_TYPE               ; -- (Not supported for targeted family)                                        ; --            ; --          ; Top               ;
; POWER_BOARD_THERMAL_MODEL            ; None (CONSERVATIVE)                                                           ; --            ; --          ; --                ;
; POWER_PRESET_COOLING_SOLUTION        ; 23 MM HEAT SINK WITH 200 LFPM AIRFLOW                                         ; --            ; --          ; --                ;
; PROJECT_OUTPUT_DIRECTORY             ; output_files                                                                  ; --            ; --          ; --                ;
; SLD_FILE                             ; db/chip_HDB3_encoder_auto_stripped.stp                                        ; --            ; --          ; --                ;
; SLD_NODE_CREATOR_ID                  ; 110                                                                           ; --            ; --          ; auto_signaltap_0  ;
; SLD_NODE_ENTITY_NAME                 ; sld_signaltap                                                                 ; --            ; --          ; auto_signaltap_0  ;
; SLD_NODE_PARAMETER_ASSIGNMENT        ; SLD_RAM_BLOCK_TYPE=M9K                                                        ; --            ; --          ; auto_signaltap_0  ;
; SLD_NODE_PARAMETER_ASSIGNMENT        ; SLD_DATA_BITS=5                                                               ; --            ; --          ; auto_signaltap_0  ;
; SLD_NODE_PARAMETER_ASSIGNMENT        ; SLD_TRIGGER_BITS=5                                                            ; --            ; --          ; auto_signaltap_0  ;
; SLD_NODE_PARAMETER_ASSIGNMENT        ; SLD_STORAGE_QUALIFIER_BITS=5                                                  ; --            ; --          ; auto_signaltap_0  ;
; SLD_NODE_PARAMETER_ASSIGNMENT        ; SLD_NODE_INFO=805334528                                                       ; --            ; --          ; auto_signaltap_0  ;
; SLD_NODE_PARAMETER_ASSIGNMENT        ; SLD_POWER_UP_TRIGGER=0                                                        ; --            ; --          ; auto_signaltap_0  ;
; SLD_NODE_PARAMETER_ASSIGNMENT        ; SLD_INVERSION_MASK=000000000000000000000                                      ; --            ; --          ; auto_signaltap_0  ;
; SLD_NODE_PARAMETER_ASSIGNMENT        ; SLD_INVERSION_MASK_LENGTH=21                                                  ; --            ; --          ; auto_signaltap_0  ;
; SLD_NODE_PARAMETER_ASSIGNMENT        ; SLD_STORAGE_QUALIFIER_INVERSION_MASK_LENGTH=0                                 ; --            ; --          ; auto_signaltap_0  ;
; SLD_NODE_PARAMETER_ASSIGNMENT        ; SLD_SEGMENT_SIZE=128                                                          ; --            ; --          ; auto_signaltap_0  ;
; SLD_NODE_PARAMETER_ASSIGNMENT        ; SLD_ATTRIBUTE_MEM_MODE=OFF                                                    ; --            ; --          ; auto_signaltap_0  ;
; SLD_NODE_PARAMETER_ASSIGNMENT        ; SLD_STATE_FLOW_USE_GENERATED=0                                                ; --            ; --          ; auto_signaltap_0  ;
; SLD_NODE_PARAMETER_ASSIGNMENT        ; SLD_STATE_BITS=11                                                             ; --            ; --          ; auto_signaltap_0  ;
; SLD_NODE_PARAMETER_ASSIGNMENT        ; SLD_BUFFER_FULL_STOP=1                                                        ; --            ; --          ; auto_signaltap_0  ;
; SLD_NODE_PARAMETER_ASSIGNMENT        ; SLD_CURRENT_RESOURCE_WIDTH=1                                                  ; --            ; --          ; auto_signaltap_0  ;
; SLD_NODE_PARAMETER_ASSIGNMENT        ; SLD_INCREMENTAL_ROUTING=1                                                     ; --            ; --          ; auto_signaltap_0  ;
; SLD_NODE_PARAMETER_ASSIGNMENT        ; SLD_TRIGGER_LEVEL=1                                                           ; --            ; --          ; auto_signaltap_0  ;
; SLD_NODE_PARAMETER_ASSIGNMENT        ; SLD_SAMPLE_DEPTH=128                                                          ; --            ; --          ; auto_signaltap_0  ;
; SLD_NODE_PARAMETER_ASSIGNMENT        ; SLD_TRIGGER_IN_ENABLED=0                                                      ; --            ; --          ; auto_signaltap_0  ;
; SLD_NODE_PARAMETER_ASSIGNMENT        ; SLD_TRIGGER_PIPELINE=0                                                        ; --            ; --          ; auto_signaltap_0  ;
; SLD_NODE_PARAMETER_ASSIGNMENT        ; SLD_RAM_PIPELINE=0                                                            ; --            ; --          ; auto_signaltap_0  ;
; SLD_NODE_PARAMETER_ASSIGNMENT        ; SLD_COUNTER_PIPELINE=0                                                        ; --            ; --          ; auto_signaltap_0  ;
; SLD_NODE_PARAMETER_ASSIGNMENT        ; SLD_ADVANCED_TRIGGER_ENTITY=sld_reserved_HDB3_encoder_auto_signaltap_0_1_4af, ; --            ; --          ; auto_signaltap_0  ;
; SLD_NODE_PARAMETER_ASSIGNMENT        ; SLD_TRIGGER_LEVEL_PIPELINE=1                                                  ; --            ; --          ; auto_signaltap_0  ;
; SLD_NODE_PARAMETER_ASSIGNMENT        ; SLD_ENABLE_ADVANCED_TRIGGER=1                                                 ; --            ; --          ; auto_signaltap_0  ;
; USE_SIGNALTAP_FILE                   ; chip_HDB3_encoder.stp                                                         ; --            ; --          ; --                ;
+--------------------------------------+-------------------------------------------------------------------------------+---------------+-------------+-------------------+


+--------------------------------------------------------------------------------------------------------------------------+
; Flow Elapsed Time                                                                                                        ;
+----------------------+--------------+-------------------------+---------------------+------------------------------------+
; Module Name          ; Elapsed Time ; Average Processors Used ; Peak Virtual Memory ; Total CPU Time (on all processors) ;
+----------------------+--------------+-------------------------+---------------------+------------------------------------+
; Analysis & Synthesis ; 00:00:43     ; 1.0                     ; 4888 MB             ; 00:01:15                           ;
; Fitter               ; 00:00:13     ; 1.0                     ; 6308 MB             ; 00:00:23                           ;
; Assembler            ; 00:00:05     ; 1.0                     ; 4682 MB             ; 00:00:05                           ;
; Timing Analyzer      ; 00:00:03     ; 1.1                     ; 4936 MB             ; 00:00:03                           ;
; EDA Netlist Writer   ; 00:00:04     ; 1.0                     ; 4654 MB             ; 00:00:04                           ;
; Total                ; 00:01:08     ; --                      ; --                  ; 00:01:50                           ;
+----------------------+--------------+-------------------------+---------------------+------------------------------------+


+------------------------------------------------------------------------------------+
; Flow OS Summary                                                                    ;
+----------------------+------------------+------------+------------+----------------+
; Module Name          ; Machine Hostname ; OS Name    ; OS Version ; Processor type ;
+----------------------+------------------+------------+------------+----------------+
; Analysis & Synthesis ; LAPTOP-26LMV529  ; Windows 10 ; 10.0       ; x86_64         ;
; Fitter               ; LAPTOP-26LMV529  ; Windows 10 ; 10.0       ; x86_64         ;
; Assembler            ; LAPTOP-26LMV529  ; Windows 10 ; 10.0       ; x86_64         ;
; Timing Analyzer      ; LAPTOP-26LMV529  ; Windows 10 ; 10.0       ; x86_64         ;
; EDA Netlist Writer   ; LAPTOP-26LMV529  ; Windows 10 ; 10.0       ; x86_64         ;
+----------------------+------------------+------------+------------+----------------+


------------
; Flow Log ;
------------
quartus_map --read_settings_files=on --write_settings_files=off HDB3_encoder -c HDB3_encoder
quartus_fit --read_settings_files=off --write_settings_files=off HDB3_encoder -c HDB3_encoder
quartus_asm --read_settings_files=off --write_settings_files=off HDB3_encoder -c HDB3_encoder
quartus_sta HDB3_encoder -c HDB3_encoder
quartus_eda --read_settings_files=off --write_settings_files=off HDB3_encoder -c HDB3_encoder



